seed = 100
============0===============
pkt.sa = 0x2
pkt.da = 0x2
pkt.payload size=2, payload = 0x'{'h0, 'h3} 
============1===============
pkt.sa = 0x0
pkt.da = 0x0
pkt.payload size=3, payload = 0x'{'h2, 'h0, 'h0} 
============2===============
pkt.sa = 0x3
pkt.da = 0x1
pkt.payload size=8, payload = 0x'{'h1, 'h2, 'h1, 'h3, 'h0, 'h0, 'h1, 'h3} 
============3===============
pkt.sa = 0x1
pkt.da = 0x3
pkt.payload size=2, payload = 0x'{'h2, 'h2} 
============4===============
pkt.sa = 0x2
pkt.da = 0x3
pkt.payload size=4, payload = 0x'{'h1, 'h0, 'h3, 'h3} 
============5===============
pkt.sa = 0x0
pkt.da = 0x1
pkt.payload size=1, payload = 0x'{'h0} 
============6===============
pkt.sa = 0x3
pkt.da = 0x0
pkt.payload size=5, payload = 0x'{'h2, 'h3, 'h3, 'h0, 'h0} 
============7===============
pkt.sa = 0x1
pkt.da = 0x2
pkt.payload size=2, payload = 0x'{'h3, 'h3} 
============8===============
pkt.sa = 0x2
pkt.da = 0x1
pkt.payload size=5, payload = 0x'{'h0, 'h3, 'h0, 'h3, 'h2} 
============9===============
pkt.sa = 0x3
pkt.da = 0x2
pkt.payload size=1, payload = 0x'{'h0} 
